[23-Nov-2021 14:06:25] NOTICE: fpm is running, pid 17
[23-Nov-2021 14:06:25] NOTICE: ready to handle connections
[23-Nov-2021 14:06:25] NOTICE: systemd monitor interval set to 10000ms
[23-Nov-2021 14:07:44] WARNING: [pool www] child 23 said into stderr: "NOTICE: PHP message: PHP Warning:  mysqli::__construct(): (HY000/2002): No such file or directory in /var/www/html/src/Database/DB.php on line 25"
[23-Nov-2021 14:07:44] WARNING: [pool www] child 23 said into stderr: "NOTICE: PHP message: PHP Warning:  mysqli::query(): Couldn't fetch mysqli in /var/www/html/src/Database/User/UserDB.php on line 33"
[23-Nov-2021 14:07:44] WARNING: [pool www] child 23 said into stderr: "NOTICE: PHP message: PHP Warning:  mysqli::query(): Couldn't fetch mysqli in /var/www/html/src/Models/UserModel.php on line 55"
[23-Nov-2021 14:07:44] WARNING: [pool www] child 23 said into stderr: "NOTICE: PHP message: PHP Notice:  Trying to get property 'num_rows' of non-object in /var/www/html/src/Models/UserModel.php on line 56"
[23-Nov-2021 14:07:44] WARNING: [pool www] child 23 said into stderr: "NOTICE: PHP message: PHP Warning:  mysqli::query(): Couldn't fetch mysqli in /var/www/html/src/Database/User/UserDB.php on line 37"
[23-Nov-2021 14:07:44] WARNING: [pool www] child 23 said into stderr: "NOTICE: PHP message: PHP Warning:  mysqli::query(): Couldn't fetch mysqli in /var/www/html/src/Database/Hotel/HotelDB.php on line 30"
[23-Nov-2021 14:07:44] WARNING: [pool www] child 23 said into stderr: "NOTICE: PHP message: PHP Warning:  mysqli::query(): Couldn't fetch mysqli in /var/www/html/src/Database/Hotel/HotelDB.php on line 33"
[23-Nov-2021 14:07:44] WARNING: [pool www] child 23 said into stderr: "NOTICE: PHP message: PHP Warning:  mysqli::query(): Couldn't fetch mysqli in /var/www/html/src/Database/Location/LocationDB.php on line 25"
[23-Nov-2021 15:21:06] NOTICE: fpm is running, pid 20
[23-Nov-2021 15:21:06] NOTICE: ready to handle connections
[23-Nov-2021 15:21:06] NOTICE: systemd monitor interval set to 10000ms
[23-Nov-2021 15:23:45] NOTICE: fpm is running, pid 16
[23-Nov-2021 15:23:45] NOTICE: ready to handle connections
[23-Nov-2021 15:23:45] NOTICE: systemd monitor interval set to 10000ms
[23-Nov-2021 23:54:13] NOTICE: fpm is running, pid 23
[23-Nov-2021 23:54:13] NOTICE: ready to handle connections
[23-Nov-2021 23:54:13] NOTICE: systemd monitor interval set to 10000ms
[23-Nov-2021 23:59:34] WARNING: [pool www] child 31 said into stderr: "NOTICE: PHP message: PHP Fatal error:  Uncaught Error: Call to a member function fetch_all() on bool in /var/www/html/src/Models/BlogModel.php:65"
[23-Nov-2021 23:59:34] WARNING: [pool www] child 31 said into stderr: "Stack trace:"
[23-Nov-2021 23:59:34] WARNING: [pool www] child 31 said into stderr: "#0 /var/www/html/src/Views/Shop/Home/Home.php(429): BookingHotel\Models\BlogModel::getBlogsLimit()"
[23-Nov-2021 23:59:34] WARNING: [pool www] child 31 said into stderr: "#1 /var/www/html/src/Controllers/Shop/Home/HomeController.php(11): include('/var/www/html/s...')"
[23-Nov-2021 23:59:34] WARNING: [pool www] child 31 said into stderr: "#2 [internal function]: BookingHotel\Controllers\Shop\Home\HomeController->getView()"
[23-Nov-2021 23:59:34] WARNING: [pool www] child 31 said into stderr: "#3 /var/www/html/src/Core/Route.php(61): call_user_func_array()"
[23-Nov-2021 23:59:34] WARNING: [pool www] child 31 said into stderr: "#4 /var/www/html/src/Core/Route.php(49): BookingHotel\Core\Route->callRoute()"
[23-Nov-2021 23:59:34] WARNING: [pool www] child 31 said into stderr: "#5 /var/www/html/src/Core/bootstrap.php(50): BookingHotel\Core\Route->direct()"
[23-Nov-2021 23:59:34] WARNING: [pool www] child 31 said into stderr: "#6 /var/www/html/index.php(7): require_once('/var/www/html/s...')"
[23-Nov-2021 23:59:34] WARNING: [pool www] child 31 said into stderr: "#7 {main}"
[23-Nov-2021 23:59:34] WARNING: [pool www] child 31 said into stderr: "  thrown in /var/www/html/src/Models/BlogModel.php on line 65"
[24-Nov-2021 00:03:02] WARNING: [pool www] child 29 said into stderr: "NOTICE: PHP message: PHP Fatal error:  Uncaught Error: Call to a member function fetch_all() on bool in /var/www/html/src/Models/BlogModel.php:65"
[24-Nov-2021 00:03:02] WARNING: [pool www] child 29 said into stderr: "Stack trace:"
[24-Nov-2021 00:03:02] WARNING: [pool www] child 29 said into stderr: "#0 /var/www/html/src/Views/Shop/Home/Home.php(429): BookingHotel\Models\BlogModel::getBlogsLimit()"
[24-Nov-2021 00:03:02] WARNING: [pool www] child 29 said into stderr: "#1 /var/www/html/src/Controllers/Shop/Home/HomeController.php(11): include('/var/www/html/s...')"
[24-Nov-2021 00:03:02] WARNING: [pool www] child 29 said into stderr: "#2 [internal function]: BookingHotel\Controllers\Shop\Home\HomeController->getView()"
[24-Nov-2021 00:03:02] WARNING: [pool www] child 29 said into stderr: "#3 /var/www/html/src/Core/Route.php(61): call_user_func_array()"
[24-Nov-2021 00:03:02] WARNING: [pool www] child 29 said into stderr: "#4 /var/www/html/src/Core/Route.php(49): BookingHotel\Core\Route->callRoute()"
[24-Nov-2021 00:03:02] WARNING: [pool www] child 29 said into stderr: "#5 /var/www/html/src/Core/bootstrap.php(50): BookingHotel\Core\Route->direct()"
[24-Nov-2021 00:03:02] WARNING: [pool www] child 29 said into stderr: "#6 /var/www/html/index.php(7): require_once('/var/www/html/s...')"
[24-Nov-2021 00:03:02] WARNING: [pool www] child 29 said into stderr: "#7 {main}"
[24-Nov-2021 00:03:02] WARNING: [pool www] child 29 said into stderr: "  thrown in /var/www/html/src/Models/BlogModel.php on line 65"
[24-Nov-2021 00:03:59] WARNING: [pool www] child 30 said into stderr: "NOTICE: PHP message: PHP Fatal error:  Uncaught Error: Call to a member function fetch_all() on bool in /var/www/html/src/Models/BlogModel.php:65"
[24-Nov-2021 00:03:59] WARNING: [pool www] child 30 said into stderr: "Stack trace:"
[24-Nov-2021 00:03:59] WARNING: [pool www] child 30 said into stderr: "#0 /var/www/html/src/Views/Shop/Home/Home.php(429): BookingHotel\Models\BlogModel::getBlogsLimit()"
[24-Nov-2021 00:03:59] WARNING: [pool www] child 30 said into stderr: "#1 /var/www/html/src/Controllers/Shop/Home/HomeController.php(11): include('/var/www/html/s...')"
[24-Nov-2021 00:03:59] WARNING: [pool www] child 30 said into stderr: "#2 [internal function]: BookingHotel\Controllers\Shop\Home\HomeController->getView()"
[24-Nov-2021 00:03:59] WARNING: [pool www] child 30 said into stderr: "#3 /var/www/html/src/Core/Route.php(61): call_user_func_array()"
[24-Nov-2021 00:03:59] WARNING: [pool www] child 30 said into stderr: "#4 /var/www/html/src/Core/Route.php(49): BookingHotel\Core\Route->callRoute()"
[24-Nov-2021 00:03:59] WARNING: [pool www] child 30 said into stderr: "#5 /var/www/html/src/Core/bootstrap.php(50): BookingHotel\Core\Route->direct()"
[24-Nov-2021 00:03:59] WARNING: [pool www] child 30 said into stderr: "#6 /var/www/html/index.php(7): require_once('/var/www/html/s...')"
[24-Nov-2021 00:03:59] WARNING: [pool www] child 30 said into stderr: "#7 {main}"
[24-Nov-2021 00:03:59] WARNING: [pool www] child 30 said into stderr: "  thrown in /var/www/html/src/Models/BlogModel.php on line 65"
[24-Nov-2021 00:04:04] WARNING: [pool www] child 31 said into stderr: "NOTICE: PHP message: PHP Fatal error:  Uncaught Error: Call to a member function fetch_all() on bool in /var/www/html/src/Models/BlogModel.php:65"
[24-Nov-2021 00:04:04] WARNING: [pool www] child 31 said into stderr: "Stack trace:"
[24-Nov-2021 00:04:04] WARNING: [pool www] child 31 said into stderr: "#0 /var/www/html/src/Views/Shop/Home/Home.php(429): BookingHotel\Models\BlogModel::getBlogsLimit()"
[24-Nov-2021 00:04:04] WARNING: [pool www] child 31 said into stderr: "#1 /var/www/html/src/Controllers/Shop/Home/HomeController.php(11): include('/var/www/html/s...')"
[24-Nov-2021 00:04:04] WARNING: [pool www] child 31 said into stderr: "#2 [internal function]: BookingHotel\Controllers\Shop\Home\HomeController->getView()"
[24-Nov-2021 00:04:04] WARNING: [pool www] child 31 said into stderr: "#3 /var/www/html/src/Core/Route.php(61): call_user_func_array()"
[24-Nov-2021 00:04:04] WARNING: [pool www] child 31 said into stderr: "#4 /var/www/html/src/Core/Route.php(49): BookingHotel\Core\Route->callRoute()"
[24-Nov-2021 00:04:04] WARNING: [pool www] child 31 said into stderr: "#5 /var/www/html/src/Core/bootstrap.php(50): BookingHotel\Core\Route->direct()"
[24-Nov-2021 00:04:04] WARNING: [pool www] child 31 said into stderr: "#6 /var/www/html/index.php(7): require_once('/var/www/html/s...')"
[24-Nov-2021 00:04:04] WARNING: [pool www] child 31 said into stderr: "#7 {main}"
[24-Nov-2021 00:04:04] WARNING: [pool www] child 31 said into stderr: "  thrown in /var/www/html/src/Models/BlogModel.php on line 65"
[24-Nov-2021 00:04:29] WARNING: [pool www] child 30 said into stderr: "NOTICE: PHP message: PHP Fatal error:  Uncaught Error: Call to a member function fetch_all() on bool in /var/www/html/src/Models/BlogModel.php:65"
[24-Nov-2021 00:04:29] WARNING: [pool www] child 30 said into stderr: "Stack trace:"
[24-Nov-2021 00:04:29] WARNING: [pool www] child 30 said into stderr: "#0 /var/www/html/src/Views/Shop/Home/Home.php(429): BookingHotel\Models\BlogModel::getBlogsLimit()"
[24-Nov-2021 00:04:29] WARNING: [pool www] child 30 said into stderr: "#1 /var/www/html/src/Controllers/Shop/Home/HomeController.php(11): include('/var/www/html/s...')"
[24-Nov-2021 00:04:29] WARNING: [pool www] child 30 said into stderr: "#2 [internal function]: BookingHotel\Controllers\Shop\Home\HomeController->getView()"
[24-Nov-2021 00:04:29] WARNING: [pool www] child 30 said into stderr: "#3 /var/www/html/src/Core/Route.php(61): call_user_func_array()"
[24-Nov-2021 00:04:29] WARNING: [pool www] child 30 said into stderr: "#4 /var/www/html/src/Core/Route.php(49): BookingHotel\Core\Route->callRoute()"
[24-Nov-2021 00:04:29] WARNING: [pool www] child 30 said into stderr: "#5 /var/www/html/src/Core/bootstrap.php(50): BookingHotel\Core\Route->direct()"
[24-Nov-2021 00:04:29] WARNING: [pool www] child 30 said into stderr: "#6 /var/www/html/index.php(7): require_once('/var/www/html/s...')"
[24-Nov-2021 00:04:29] WARNING: [pool www] child 30 said into stderr: "#7 {main}"
[24-Nov-2021 00:04:29] WARNING: [pool www] child 30 said into stderr: "  thrown in /var/www/html/src/Models/BlogModel.php on line 65"
[24-Nov-2021 00:05:00] WARNING: [pool www] child 30 said into stderr: "NOTICE: PHP message: PHP Fatal error:  Uncaught Error: Call to a member function fetch_all() on bool in /var/www/html/src/Models/BlogModel.php:65"
[24-Nov-2021 00:05:00] WARNING: [pool www] child 30 said into stderr: "Stack trace:"
[24-Nov-2021 00:05:00] WARNING: [pool www] child 30 said into stderr: "#0 /var/www/html/src/Views/Shop/Home/Home.php(429): BookingHotel\Models\BlogModel::getBlogsLimit()"
[24-Nov-2021 00:05:00] WARNING: [pool www] child 30 said into stderr: "#1 /var/www/html/src/Controllers/Shop/Home/HomeController.php(11): include('/var/www/html/s...')"
[24-Nov-2021 00:05:00] WARNING: [pool www] child 30 said into stderr: "#2 [internal function]: BookingHotel\Controllers\Shop\Home\HomeController->getView()"
[24-Nov-2021 00:05:00] WARNING: [pool www] child 30 said into stderr: "#3 /var/www/html/src/Core/Route.php(61): call_user_func_array()"
[24-Nov-2021 00:05:00] WARNING: [pool www] child 30 said into stderr: "#4 /var/www/html/src/Core/Route.php(49): BookingHotel\Core\Route->callRoute()"
[24-Nov-2021 00:05:00] WARNING: [pool www] child 30 said into stderr: "#5 /var/www/html/src/Core/bootstrap.php(50): BookingHotel\Core\Route->direct()"
[24-Nov-2021 00:05:00] WARNING: [pool www] child 30 said into stderr: "#6 /var/www/html/index.php(7): require_once('/var/www/html/s...')"
[24-Nov-2021 00:05:00] WARNING: [pool www] child 30 said into stderr: "#7 {main}"
[24-Nov-2021 00:05:00] WARNING: [pool www] child 30 said into stderr: "  thrown in /var/www/html/src/Models/BlogModel.php on line 65"
[24-Nov-2021 00:21:48] WARNING: [pool www] child 30 said into stderr: "NOTICE: PHP message: PHP Fatal error:  Uncaught Error: Call to a member function fetch_all() on bool in /var/www/html/src/Models/BlogModel.php:65"
[24-Nov-2021 00:21:48] WARNING: [pool www] child 30 said into stderr: "Stack trace:"
[24-Nov-2021 00:21:48] WARNING: [pool www] child 30 said into stderr: "#0 /var/www/html/src/Views/Shop/Home/Home.php(429): BookingHotel\Models\BlogModel::getBlogsLimit()"
[24-Nov-2021 00:21:48] WARNING: [pool www] child 30 said into stderr: "#1 /var/www/html/src/Controllers/Shop/Home/HomeController.php(11): include('/var/www/html/s...')"
[24-Nov-2021 00:21:48] WARNING: [pool www] child 30 said into stderr: "#2 [internal function]: BookingHotel\Controllers\Shop\Home\HomeController->getView()"
[24-Nov-2021 00:21:48] WARNING: [pool www] child 30 said into stderr: "#3 /var/www/html/src/Core/Route.php(61): call_user_func_array()"
[24-Nov-2021 00:21:48] WARNING: [pool www] child 30 said into stderr: "#4 /var/www/html/src/Core/Route.php(49): BookingHotel\Core\Route->callRoute()"
[24-Nov-2021 00:21:48] WARNING: [pool www] child 30 said into stderr: "#5 /var/www/html/src/Core/bootstrap.php(51): BookingHotel\Core\Route->direct()"
[24-Nov-2021 00:21:48] WARNING: [pool www] child 30 said into stderr: "#6 /var/www/html/index.php(7): require_once('/var/www/html/s...')"
[24-Nov-2021 00:21:48] WARNING: [pool www] child 30 said into stderr: "#7 {main}"
[24-Nov-2021 00:21:48] WARNING: [pool www] child 30 said into stderr: "  thrown in /var/www/html/src/Models/BlogModel.php on line 65"
[24-Nov-2021 00:24:04] WARNING: [pool www] child 31 said into stderr: "NOTICE: PHP message: PHP Fatal error:  Uncaught Error: Cannot pass parameter 4 by reference in /var/www/html/src/Core/Request.php:22"
[24-Nov-2021 00:24:04] WARNING: [pool www] child 31 said into stderr: "Stack trace:"
[24-Nov-2021 00:24:04] WARNING: [pool www] child 31 said into stderr: "#0 /var/www/html/src/Core/bootstrap.php(35): BookingHotel\Core\Request::uri()"
[24-Nov-2021 00:24:04] WARNING: [pool www] child 31 said into stderr: "#1 /var/www/html/index.php(7): require_once('/var/www/html/s...')"
[24-Nov-2021 00:24:04] WARNING: [pool www] child 31 said into stderr: "#2 {main}"
[24-Nov-2021 00:24:04] WARNING: [pool www] child 31 said into stderr: "  thrown in /var/www/html/src/Core/Request.php on line 22"
[24-Nov-2021 00:25:50] WARNING: [pool www] child 29 said into stderr: "NOTICE: PHP message: PHP Fatal error:  Uncaught Error: Cannot pass parameter 4 by reference in /var/www/html/src/Core/Request.php:22"
[24-Nov-2021 00:25:50] WARNING: [pool www] child 29 said into stderr: "Stack trace:"
[24-Nov-2021 00:25:50] WARNING: [pool www] child 29 said into stderr: "#0 /var/www/html/src/Core/bootstrap.php(35): BookingHotel\Core\Request::uri()"
[24-Nov-2021 00:25:50] WARNING: [pool www] child 29 said into stderr: "#1 /var/www/html/index.php(7): require_once('/var/www/html/s...')"
[24-Nov-2021 00:25:50] WARNING: [pool www] child 29 said into stderr: "#2 {main}"
[24-Nov-2021 00:25:50] WARNING: [pool www] child 29 said into stderr: "  thrown in /var/www/html/src/Core/Request.php on line 22"
[24-Nov-2021 00:26:25] WARNING: [pool www] child 30 said into stderr: "NOTICE: PHP message: PHP Fatal error:  Uncaught Error: Cannot pass parameter 4 by reference in /var/www/html/src/Core/Request.php:22"
[24-Nov-2021 00:26:25] WARNING: [pool www] child 30 said into stderr: "Stack trace:"
[24-Nov-2021 00:26:25] WARNING: [pool www] child 30 said into stderr: "#0 /var/www/html/src/Core/bootstrap.php(35): BookingHotel\Core\Request::uri()"
[24-Nov-2021 00:26:25] WARNING: [pool www] child 30 said into stderr: "#1 /var/www/html/index.php(7): require_once('/var/www/html/s...')"
[24-Nov-2021 00:26:25] WARNING: [pool www] child 30 said into stderr: "#2 {main}"
[24-Nov-2021 00:26:25] WARNING: [pool www] child 30 said into stderr: "  thrown in /var/www/html/src/Core/Request.php on line 22"
[24-Nov-2021 00:39:44] WARNING: [pool www] child 31 said into stderr: "NOTICE: PHP message: PHP Warning:  preg_replace() expects parameter 4 to be int, array given in /var/www/html/src/Core/Request.php on line 22"
[24-Nov-2021 00:40:26] WARNING: [pool www] child 31 said into stderr: "NOTICE: PHP message: PHP Fatal error:  Uncaught Error: Call to a member function fetch_all() on bool in /var/www/html/src/Models/BlogModel.php:65"
[24-Nov-2021 00:40:26] WARNING: [pool www] child 31 said into stderr: "Stack trace:"
[24-Nov-2021 00:40:26] WARNING: [pool www] child 31 said into stderr: "#0 /var/www/html/src/Views/Shop/Home/Home.php(429): BookingHotel\Models\BlogModel::getBlogsLimit()"
[24-Nov-2021 00:40:26] WARNING: [pool www] child 31 said into stderr: "#1 /var/www/html/src/Controllers/Shop/Home/HomeController.php(11): include('/var/www/html/s...')"
[24-Nov-2021 00:40:26] WARNING: [pool www] child 31 said into stderr: "#2 [internal function]: BookingHotel\Controllers\Shop\Home\HomeController->getView()"
[24-Nov-2021 00:40:26] WARNING: [pool www] child 31 said into stderr: "#3 /var/www/html/src/Core/Route.php(61): call_user_func_array()"
[24-Nov-2021 00:40:26] WARNING: [pool www] child 31 said into stderr: "#4 /var/www/html/src/Core/Route.php(49): BookingHotel\Core\Route->callRoute()"
[24-Nov-2021 00:40:26] WARNING: [pool www] child 31 said into stderr: "#5 /var/www/html/src/Core/bootstrap.php(51): BookingHotel\Core\Route->direct()"
[24-Nov-2021 00:40:26] WARNING: [pool www] child 31 said into stderr: "#6 /var/www/html/index.php(7): require_once('/var/www/html/s...')"
[24-Nov-2021 00:40:26] WARNING: [pool www] child 31 said into stderr: "#7 {main}"
[24-Nov-2021 00:40:26] WARNING: [pool www] child 31 said into stderr: "  thrown in /var/www/html/src/Models/BlogModel.php on line 65"
[24-Nov-2021 00:41:22] WARNING: [pool www] child 30 said into stderr: "NOTICE: PHP message: PHP Fatal error:  Uncaught Error: Call to a member function fetch_all() on bool in /var/www/html/src/Models/BlogModel.php:65"
[24-Nov-2021 00:41:22] WARNING: [pool www] child 30 said into stderr: "Stack trace:"
[24-Nov-2021 00:41:22] WARNING: [pool www] child 30 said into stderr: "#0 /var/www/html/src/Views/Shop/Home/Home.php(429): BookingHotel\Models\BlogModel::getBlogsLimit()"
[24-Nov-2021 00:41:22] WARNING: [pool www] child 30 said into stderr: "#1 /var/www/html/src/Controllers/Shop/Home/HomeController.php(11): include('/var/www/html/s...')"
[24-Nov-2021 00:41:22] WARNING: [pool www] child 30 said into stderr: "#2 [internal function]: BookingHotel\Controllers\Shop\Home\HomeController->getView()"
[24-Nov-2021 00:41:22] WARNING: [pool www] child 30 said into stderr: "#3 /var/www/html/src/Core/Route.php(61): call_user_func_array()"
[24-Nov-2021 00:41:22] WARNING: [pool www] child 30 said into stderr: "#4 /var/www/html/src/Core/Route.php(49): BookingHotel\Core\Route->callRoute()"
[24-Nov-2021 00:41:22] WARNING: [pool www] child 30 said into stderr: "#5 /var/www/html/src/Core/bootstrap.php(51): BookingHotel\Core\Route->direct()"
[24-Nov-2021 00:41:22] WARNING: [pool www] child 30 said into stderr: "#6 /var/www/html/index.php(7): require_once('/var/www/html/s...')"
[24-Nov-2021 00:41:22] WARNING: [pool www] child 30 said into stderr: "#7 {main}"
[24-Nov-2021 00:41:22] WARNING: [pool www] child 30 said into stderr: "  thrown in /var/www/html/src/Models/BlogModel.php on line 65"
